{"/home/ubuntu/multiregexp/lib/MultiRegExp.js":{"path":"/home/ubuntu/multiregexp/lib/MultiRegExp.js","s":{"1":1,"2":1,"3":1,"4":1,"5":1,"6":1,"7":1,"8":1,"9":1,"10":1,"11":1,"12":2,"13":2,"14":2,"15":2,"16":2,"17":2,"18":2,"19":2,"20":3,"21":3,"22":0,"23":0,"24":2,"25":2,"26":0,"27":2,"28":0,"29":1,"30":4,"31":10,"32":10,"33":2,"34":8,"35":8,"36":8,"37":8,"38":8,"39":12,"40":12,"41":0,"42":0,"43":8,"44":8,"45":0,"46":8,"47":0,"48":8,"49":8,"50":0,"51":8,"52":2,"53":2,"54":8,"55":8,"56":8,"57":8,"58":8,"59":8,"60":12,"61":12,"62":12,"63":9,"64":9,"65":0,"66":0,"67":8,"68":8,"69":0,"70":8,"71":0,"72":8,"73":0,"74":8,"75":8,"76":8,"77":8,"78":8,"79":12,"80":12,"81":0,"82":0,"83":8,"84":8,"85":0,"86":8,"87":0,"88":8,"89":0,"90":0,"91":0,"92":0,"93":0,"94":0,"95":0,"96":0,"97":0,"98":0,"99":0,"100":0,"101":0,"102":0,"103":0,"104":0,"105":1,"106":1,"107":1},"b":{"1":[2,0],"2":[0,2],"3":[2,0],"4":[0,2],"5":[4,6],"6":[10,6],"7":[2,8],"8":[0,8],"9":[8,0],"10":[0,8],"11":[0,8],"12":[2,0],"13":[2,0],"14":[9,3],"15":[12,9,1],"16":[0,8],"17":[8,0],"18":[0,8],"19":[0,8],"20":[0,8],"21":[8,0],"22":[0,8],"23":[0,0],"24":[0,0],"25":[0,0],"26":[0,0]},"f":{"1":1,"2":2,"3":4,"4":10,"5":2,"6":8,"7":0},"fnMap":{"1":{"name":"(anonymous_1)","line":27,"loc":{"start":{"line":27,"column":19},"end":{"line":27,"column":31}}},"2":{"name":"MultiRegExp","line":28,"loc":{"start":{"line":28,"column":4},"end":{"line":28,"column":35}}},"3":{"name":"firstMatch","line":66,"loc":{"start":{"line":66,"column":42},"end":{"line":66,"column":70}}},"4":{"name":"findMatch","line":76,"loc":{"start":{"line":76,"column":42},"end":{"line":76,"column":69}}},"5":{"name":"allMatches","line":123,"loc":{"start":{"line":123,"column":50},"end":{"line":123,"column":78}}},"6":{"name":"exec","line":134,"loc":{"start":{"line":134,"column":42},"end":{"line":134,"column":64}}},"7":{"name":"test","line":204,"loc":{"start":{"line":204,"column":38},"end":{"line":204,"column":60}}}},"statementMap":{"1":{"start":{"line":5,"column":0},"end":{"line":5,"column":76}},"2":{"start":{"line":7,"column":0},"end":{"line":7,"column":83}},"3":{"start":{"line":9,"column":0},"end":{"line":9,"column":76}},"4":{"start":{"line":11,"column":0},"end":{"line":11,"column":97}},"5":{"start":{"line":13,"column":0},"end":{"line":15,"column":3}},"6":{"start":{"line":17,"column":0},"end":{"line":17,"column":44}},"7":{"start":{"line":19,"column":0},"end":{"line":19,"column":57}},"8":{"start":{"line":21,"column":0},"end":{"line":21,"column":60}},"9":{"start":{"line":23,"column":0},"end":{"line":23,"column":73}},"10":{"start":{"line":27,"column":0},"end":{"line":237,"column":5}},"11":{"start":{"line":28,"column":4},"end":{"line":58,"column":5}},"12":{"start":{"line":29,"column":8},"end":{"line":29,"column":43}},"13":{"start":{"line":31,"column":8},"end":{"line":31,"column":26}},"14":{"start":{"line":32,"column":8},"end":{"line":57,"column":9}},"15":{"start":{"line":33,"column":12},"end":{"line":33,"column":49}},"16":{"start":{"line":34,"column":12},"end":{"line":34,"column":42}},"17":{"start":{"line":35,"column":12},"end":{"line":35,"column":43}},"18":{"start":{"line":37,"column":12},"end":{"line":56,"column":13}},"19":{"start":{"line":38,"column":16},"end":{"line":42,"column":17}},"20":{"start":{"line":39,"column":20},"end":{"line":39,"column":45}},"21":{"start":{"line":41,"column":20},"end":{"line":41,"column":46}},"22":{"start":{"line":44,"column":16},"end":{"line":44,"column":41}},"23":{"start":{"line":45,"column":16},"end":{"line":45,"column":37}},"24":{"start":{"line":47,"column":16},"end":{"line":55,"column":17}},"25":{"start":{"line":48,"column":20},"end":{"line":50,"column":21}},"26":{"start":{"line":49,"column":24},"end":{"line":49,"column":46}},"27":{"start":{"line":52,"column":20},"end":{"line":54,"column":21}},"28":{"start":{"line":53,"column":24},"end":{"line":53,"column":45}},"29":{"start":{"line":60,"column":4},"end":{"line":234,"column":8}},"30":{"start":{"line":67,"column":12},"end":{"line":67,"column":42}},"31":{"start":{"line":77,"column":12},"end":{"line":77,"column":95}},"32":{"start":{"line":79,"column":12},"end":{"line":81,"column":13}},"33":{"start":{"line":80,"column":16},"end":{"line":80,"column":28}},"34":{"start":{"line":83,"column":12},"end":{"line":83,"column":50}},"35":{"start":{"line":84,"column":12},"end":{"line":84,"column":43}},"36":{"start":{"line":85,"column":12},"end":{"line":85,"column":44}},"37":{"start":{"line":87,"column":12},"end":{"line":106,"column":13}},"38":{"start":{"line":88,"column":16},"end":{"line":92,"column":17}},"39":{"start":{"line":89,"column":20},"end":{"line":89,"column":46}},"40":{"start":{"line":91,"column":20},"end":{"line":91,"column":45}},"41":{"start":{"line":94,"column":16},"end":{"line":94,"column":42}},"42":{"start":{"line":95,"column":16},"end":{"line":95,"column":38}},"43":{"start":{"line":97,"column":16},"end":{"line":105,"column":17}},"44":{"start":{"line":98,"column":20},"end":{"line":100,"column":21}},"45":{"start":{"line":99,"column":24},"end":{"line":99,"column":47}},"46":{"start":{"line":102,"column":20},"end":{"line":104,"column":21}},"47":{"start":{"line":103,"column":24},"end":{"line":103,"column":46}},"48":{"start":{"line":108,"column":12},"end":{"line":108,"column":42}},"49":{"start":{"line":110,"column":12},"end":{"line":112,"column":13}},"50":{"start":{"line":111,"column":16},"end":{"line":111,"column":28}},"51":{"start":{"line":114,"column":12},"end":{"line":114,"column":55}},"52":{"start":{"line":124,"column":12},"end":{"line":124,"column":95}},"53":{"start":{"line":126,"column":12},"end":{"line":126,"column":77}},"54":{"start":{"line":135,"column":12},"end":{"line":136,"column":43}},"55":{"start":{"line":138,"column":12},"end":{"line":138,"column":50}},"56":{"start":{"line":139,"column":12},"end":{"line":139,"column":43}},"57":{"start":{"line":140,"column":12},"end":{"line":140,"column":44}},"58":{"start":{"line":142,"column":12},"end":{"line":165,"column":13}},"59":{"start":{"line":143,"column":16},"end":{"line":151,"column":17}},"60":{"start":{"line":144,"column":20},"end":{"line":144,"column":46}},"61":{"start":{"line":146,"column":20},"end":{"line":146,"column":52}},"62":{"start":{"line":147,"column":20},"end":{"line":150,"column":21}},"63":{"start":{"line":148,"column":24},"end":{"line":148,"column":38}},"64":{"start":{"line":149,"column":24},"end":{"line":149,"column":58}},"65":{"start":{"line":153,"column":16},"end":{"line":153,"column":42}},"66":{"start":{"line":154,"column":16},"end":{"line":154,"column":38}},"67":{"start":{"line":156,"column":16},"end":{"line":164,"column":17}},"68":{"start":{"line":157,"column":20},"end":{"line":159,"column":21}},"69":{"start":{"line":158,"column":24},"end":{"line":158,"column":47}},"70":{"start":{"line":161,"column":20},"end":{"line":163,"column":21}},"71":{"start":{"line":162,"column":24},"end":{"line":162,"column":46}},"72":{"start":{"line":167,"column":12},"end":{"line":169,"column":13}},"73":{"start":{"line":168,"column":16},"end":{"line":168,"column":28}},"74":{"start":{"line":171,"column":12},"end":{"line":171,"column":50}},"75":{"start":{"line":172,"column":12},"end":{"line":172,"column":43}},"76":{"start":{"line":173,"column":12},"end":{"line":173,"column":44}},"77":{"start":{"line":175,"column":12},"end":{"line":194,"column":13}},"78":{"start":{"line":176,"column":16},"end":{"line":180,"column":17}},"79":{"start":{"line":177,"column":20},"end":{"line":177,"column":46}},"80":{"start":{"line":179,"column":20},"end":{"line":179,"column":54}},"81":{"start":{"line":182,"column":16},"end":{"line":182,"column":42}},"82":{"start":{"line":183,"column":16},"end":{"line":183,"column":38}},"83":{"start":{"line":185,"column":16},"end":{"line":193,"column":17}},"84":{"start":{"line":186,"column":20},"end":{"line":188,"column":21}},"85":{"start":{"line":187,"column":24},"end":{"line":187,"column":47}},"86":{"start":{"line":190,"column":20},"end":{"line":192,"column":21}},"87":{"start":{"line":191,"column":24},"end":{"line":191,"column":46}},"88":{"start":{"line":196,"column":12},"end":{"line":196,"column":25}},"89":{"start":{"line":205,"column":12},"end":{"line":205,"column":50}},"90":{"start":{"line":206,"column":12},"end":{"line":206,"column":43}},"91":{"start":{"line":207,"column":12},"end":{"line":207,"column":44}},"92":{"start":{"line":209,"column":12},"end":{"line":230,"column":13}},"93":{"start":{"line":210,"column":16},"end":{"line":216,"column":17}},"94":{"start":{"line":211,"column":20},"end":{"line":211,"column":46}},"95":{"start":{"line":213,"column":20},"end":{"line":215,"column":21}},"96":{"start":{"line":214,"column":24},"end":{"line":214,"column":36}},"97":{"start":{"line":218,"column":16},"end":{"line":218,"column":42}},"98":{"start":{"line":219,"column":16},"end":{"line":219,"column":38}},"99":{"start":{"line":221,"column":16},"end":{"line":229,"column":17}},"100":{"start":{"line":222,"column":20},"end":{"line":224,"column":21}},"101":{"start":{"line":223,"column":24},"end":{"line":223,"column":47}},"102":{"start":{"line":226,"column":20},"end":{"line":228,"column":21}},"103":{"start":{"line":227,"column":24},"end":{"line":227,"column":46}},"104":{"start":{"line":232,"column":12},"end":{"line":232,"column":25}},"105":{"start":{"line":236,"column":4},"end":{"line":236,"column":23}},"106":{"start":{"line":239,"column":0},"end":{"line":239,"column":33}},"107":{"start":{"line":240,"column":0},"end":{"line":240,"column":36}}},"branchMap":{"1":{"line":32,"type":"if","locations":[{"start":{"line":32,"column":8},"end":{"line":32,"column":8}},{"start":{"line":32,"column":8},"end":{"line":32,"column":8}}]},"2":{"line":48,"type":"if","locations":[{"start":{"line":48,"column":20},"end":{"line":48,"column":20}},{"start":{"line":48,"column":20},"end":{"line":48,"column":20}}]},"3":{"line":48,"type":"binary-expr","locations":[{"start":{"line":48,"column":24},"end":{"line":48,"column":50}},{"start":{"line":48,"column":54},"end":{"line":48,"column":73}}]},"4":{"line":52,"type":"if","locations":[{"start":{"line":52,"column":20},"end":{"line":52,"column":20}},{"start":{"line":52,"column":20},"end":{"line":52,"column":20}}]},"5":{"line":77,"type":"cond-expr","locations":[{"start":{"line":77,"column":78},"end":{"line":77,"column":79}},{"start":{"line":77,"column":82},"end":{"line":77,"column":94}}]},"6":{"line":77,"type":"binary-expr","locations":[{"start":{"line":77,"column":24},"end":{"line":77,"column":45}},{"start":{"line":77,"column":49},"end":{"line":77,"column":75}}]},"7":{"line":79,"type":"if","locations":[{"start":{"line":79,"column":12},"end":{"line":79,"column":12}},{"start":{"line":79,"column":12},"end":{"line":79,"column":12}}]},"8":{"line":98,"type":"if","locations":[{"start":{"line":98,"column":20},"end":{"line":98,"column":20}},{"start":{"line":98,"column":20},"end":{"line":98,"column":20}}]},"9":{"line":98,"type":"binary-expr","locations":[{"start":{"line":98,"column":24},"end":{"line":98,"column":51}},{"start":{"line":98,"column":55},"end":{"line":98,"column":75}}]},"10":{"line":102,"type":"if","locations":[{"start":{"line":102,"column":20},"end":{"line":102,"column":20}},{"start":{"line":102,"column":20},"end":{"line":102,"column":20}}]},"11":{"line":110,"type":"if","locations":[{"start":{"line":110,"column":12},"end":{"line":110,"column":12}},{"start":{"line":110,"column":12},"end":{"line":110,"column":12}}]},"12":{"line":124,"type":"cond-expr","locations":[{"start":{"line":124,"column":78},"end":{"line":124,"column":79}},{"start":{"line":124,"column":82},"end":{"line":124,"column":94}}]},"13":{"line":124,"type":"binary-expr","locations":[{"start":{"line":124,"column":24},"end":{"line":124,"column":45}},{"start":{"line":124,"column":49},"end":{"line":124,"column":75}}]},"14":{"line":147,"type":"if","locations":[{"start":{"line":147,"column":20},"end":{"line":147,"column":20}},{"start":{"line":147,"column":20},"end":{"line":147,"column":20}}]},"15":{"line":147,"type":"binary-expr","locations":[{"start":{"line":147,"column":24},"end":{"line":147,"column":38}},{"start":{"line":147,"column":43},"end":{"line":147,"column":62}},{"start":{"line":147,"column":66},"end":{"line":147,"column":91}}]},"16":{"line":157,"type":"if","locations":[{"start":{"line":157,"column":20},"end":{"line":157,"column":20}},{"start":{"line":157,"column":20},"end":{"line":157,"column":20}}]},"17":{"line":157,"type":"binary-expr","locations":[{"start":{"line":157,"column":24},"end":{"line":157,"column":51}},{"start":{"line":157,"column":55},"end":{"line":157,"column":75}}]},"18":{"line":161,"type":"if","locations":[{"start":{"line":161,"column":20},"end":{"line":161,"column":20}},{"start":{"line":161,"column":20},"end":{"line":161,"column":20}}]},"19":{"line":167,"type":"if","locations":[{"start":{"line":167,"column":12},"end":{"line":167,"column":12}},{"start":{"line":167,"column":12},"end":{"line":167,"column":12}}]},"20":{"line":186,"type":"if","locations":[{"start":{"line":186,"column":20},"end":{"line":186,"column":20}},{"start":{"line":186,"column":20},"end":{"line":186,"column":20}}]},"21":{"line":186,"type":"binary-expr","locations":[{"start":{"line":186,"column":24},"end":{"line":186,"column":51}},{"start":{"line":186,"column":55},"end":{"line":186,"column":75}}]},"22":{"line":190,"type":"if","locations":[{"start":{"line":190,"column":20},"end":{"line":190,"column":20}},{"start":{"line":190,"column":20},"end":{"line":190,"column":20}}]},"23":{"line":213,"type":"if","locations":[{"start":{"line":213,"column":20},"end":{"line":213,"column":20}},{"start":{"line":213,"column":20},"end":{"line":213,"column":20}}]},"24":{"line":222,"type":"if","locations":[{"start":{"line":222,"column":20},"end":{"line":222,"column":20}},{"start":{"line":222,"column":20},"end":{"line":222,"column":20}}]},"25":{"line":222,"type":"binary-expr","locations":[{"start":{"line":222,"column":24},"end":{"line":222,"column":51}},{"start":{"line":222,"column":55},"end":{"line":222,"column":75}}]},"26":{"line":226,"type":"if","locations":[{"start":{"line":226,"column":20},"end":{"line":226,"column":20}},{"start":{"line":226,"column":20},"end":{"line":226,"column":20}}]}}},"/home/ubuntu/multiregexp/lib/RegExpMatch.js":{"path":"/home/ubuntu/multiregexp/lib/RegExpMatch.js","s":{"1":1,"2":1,"3":1,"4":1,"5":1,"6":1,"7":1,"8":8,"9":8,"10":8,"11":8,"12":8,"13":24,"14":1,"15":12,"16":0,"17":0,"18":0,"19":0,"20":0,"21":0,"22":0,"23":0,"24":24,"25":0,"26":4,"27":16,"28":1,"29":1,"30":1},"b":{"1":[0,0]},"f":{"1":1,"2":8,"3":12,"4":0,"5":0,"6":0,"7":24,"8":0,"9":4,"10":16},"fnMap":{"1":{"name":"(anonymous_1)","line":16,"loc":{"start":{"line":16,"column":19},"end":{"line":16,"column":31}}},"2":{"name":"RegExpMatch","line":17,"loc":{"start":{"line":17,"column":4},"end":{"line":17,"column":33}}},"3":{"name":"group","line":49,"loc":{"start":{"line":49,"column":15},"end":{"line":49,"column":38}}},"4":{"name":"value","line":55,"loc":{"start":{"line":55,"column":29},"end":{"line":55,"column":46}}},"5":{"name":"next","line":58,"loc":{"start":{"line":58,"column":38},"end":{"line":58,"column":54}}},"6":{"name":"toString","line":67,"loc":{"start":{"line":67,"column":36},"end":{"line":67,"column":56}}},"7":{"name":"get","line":80,"loc":{"start":{"line":80,"column":13},"end":{"line":80,"column":28}}},"8":{"name":"get","line":87,"loc":{"start":{"line":87,"column":40},"end":{"line":87,"column":55}}},"9":{"name":"get","line":94,"loc":{"start":{"line":94,"column":41},"end":{"line":94,"column":56}}},"10":{"name":"get","line":106,"loc":{"start":{"line":106,"column":13},"end":{"line":106,"column":28}}}},"statementMap":{"1":{"start":{"line":3,"column":0},"end":{"line":3,"column":76}},"2":{"start":{"line":5,"column":0},"end":{"line":5,"column":83}},"3":{"start":{"line":7,"column":0},"end":{"line":7,"column":96}},"4":{"start":{"line":9,"column":0},"end":{"line":9,"column":83}},"5":{"start":{"line":11,"column":0},"end":{"line":13,"column":3}},"6":{"start":{"line":16,"column":0},"end":{"line":112,"column":5}},"7":{"start":{"line":17,"column":4},"end":{"line":27,"column":5}},"8":{"start":{"line":18,"column":8},"end":{"line":18,"column":43}},"9":{"start":{"line":20,"column":8},"end":{"line":20,"column":80}},"10":{"start":{"line":21,"column":8},"end":{"line":21,"column":70}},"11":{"start":{"line":22,"column":8},"end":{"line":22,"column":70}},"12":{"start":{"line":24,"column":8},"end":{"line":26,"column":9}},"13":{"start":{"line":25,"column":12},"end":{"line":25,"column":74}},"14":{"start":{"line":36,"column":4},"end":{"line":109,"column":8}},"15":{"start":{"line":50,"column":12},"end":{"line":50,"column":32}},"16":{"start":{"line":56,"column":12},"end":{"line":56,"column":22}},"17":{"start":{"line":57,"column":12},"end":{"line":61,"column":14}},"18":{"start":{"line":59,"column":20},"end":{"line":59,"column":71}},"19":{"start":{"line":68,"column":12},"end":{"line":68,"column":111}},"20":{"start":{"line":70,"column":12},"end":{"line":74,"column":13}},"21":{"start":{"line":71,"column":16},"end":{"line":73,"column":17}},"22":{"start":{"line":72,"column":20},"end":{"line":72,"column":65}},"23":{"start":{"line":76,"column":12},"end":{"line":76,"column":23}},"24":{"start":{"line":81,"column":12},"end":{"line":81,"column":27}},"25":{"start":{"line":88,"column":12},"end":{"line":88,"column":30}},"26":{"start":{"line":95,"column":12},"end":{"line":95,"column":35}},"27":{"start":{"line":107,"column":12},"end":{"line":107,"column":50}},"28":{"start":{"line":111,"column":4},"end":{"line":111,"column":23}},"29":{"start":{"line":114,"column":0},"end":{"line":114,"column":33}},"30":{"start":{"line":115,"column":0},"end":{"line":115,"column":36}}},"branchMap":{"1":{"line":70,"type":"if","locations":[{"start":{"line":70,"column":12},"end":{"line":70,"column":12}},{"start":{"line":70,"column":12},"end":{"line":70,"column":12}}]}}},"/home/ubuntu/multiregexp/lib/MultiRegExpIterable.js":{"path":"/home/ubuntu/multiregexp/lib/MultiRegExpIterable.js","s":{"1":1,"2":1,"3":1,"4":1,"5":1,"6":1,"7":1,"8":1,"9":1,"10":1,"11":1,"12":2,"13":2,"14":2,"15":2,"16":2,"17":1,"18":6,"19":6,"20":4,"21":2,"22":6,"23":6,"24":0,"25":0,"26":0,"27":0,"28":0,"29":0,"30":1,"31":1,"32":1},"b":{"1":[0,2],"2":[2,2],"3":[4,2],"4":[0,4],"5":[0,0]},"f":{"1":1,"2":2,"3":6,"4":0,"5":0,"6":0},"fnMap":{"1":{"name":"(anonymous_1)","line":27,"loc":{"start":{"line":27,"column":27},"end":{"line":27,"column":39}}},"2":{"name":"MultiRegExpIterable","line":28,"loc":{"start":{"line":28,"column":4},"end":{"line":28,"column":54}}},"3":{"name":"next","line":43,"loc":{"start":{"line":43,"column":42},"end":{"line":43,"column":58}}},"4":{"name":"value","line":64,"loc":{"start":{"line":64,"column":15},"end":{"line":64,"column":32}}},"5":{"name":"next","line":69,"loc":{"start":{"line":69,"column":22},"end":{"line":69,"column":38}}},"6":{"name":"get","line":82,"loc":{"start":{"line":82,"column":47},"end":{"line":82,"column":62}}}},"statementMap":{"1":{"start":{"line":3,"column":0},"end":{"line":3,"column":76}},"2":{"start":{"line":5,"column":0},"end":{"line":5,"column":83}},"3":{"start":{"line":7,"column":0},"end":{"line":7,"column":83}},"4":{"start":{"line":9,"column":0},"end":{"line":9,"column":97}},"5":{"start":{"line":11,"column":0},"end":{"line":13,"column":3}},"6":{"start":{"line":15,"column":0},"end":{"line":15,"column":44}},"7":{"start":{"line":17,"column":0},"end":{"line":17,"column":57}},"8":{"start":{"line":19,"column":0},"end":{"line":19,"column":44}},"9":{"start":{"line":21,"column":0},"end":{"line":21,"column":57}},"10":{"start":{"line":27,"column":0},"end":{"line":88,"column":5}},"11":{"start":{"line":28,"column":4},"end":{"line":36,"column":5}},"12":{"start":{"line":29,"column":8},"end":{"line":29,"column":91}},"13":{"start":{"line":31,"column":8},"end":{"line":31,"column":51}},"14":{"start":{"line":33,"column":8},"end":{"line":33,"column":40}},"15":{"start":{"line":34,"column":8},"end":{"line":34,"column":30}},"16":{"start":{"line":35,"column":8},"end":{"line":35,"column":28}},"17":{"start":{"line":38,"column":4},"end":{"line":85,"column":8}},"18":{"start":{"line":44,"column":12},"end":{"line":44,"column":79}},"19":{"start":{"line":46,"column":12},"end":{"line":50,"column":13}},"20":{"start":{"line":47,"column":16},"end":{"line":47,"column":86}},"21":{"start":{"line":49,"column":16},"end":{"line":49,"column":32}},"22":{"start":{"line":52,"column":12},"end":{"line":52,"column":34}},"23":{"start":{"line":53,"column":12},"end":{"line":53,"column":25}},"24":{"start":{"line":65,"column":12},"end":{"line":65,"column":29}},"25":{"start":{"line":67,"column":12},"end":{"line":67,"column":28}},"26":{"start":{"line":68,"column":12},"end":{"line":76,"column":14}},"27":{"start":{"line":70,"column":20},"end":{"line":70,"column":45}},"28":{"start":{"line":71,"column":20},"end":{"line":74,"column":22}},"29":{"start":{"line":83,"column":12},"end":{"line":83,"column":33}},"30":{"start":{"line":87,"column":4},"end":{"line":87,"column":31}},"31":{"start":{"line":90,"column":0},"end":{"line":90,"column":41}},"32":{"start":{"line":91,"column":0},"end":{"line":91,"column":36}}},"branchMap":{"1":{"line":29,"type":"cond-expr","locations":[{"start":{"line":29,"column":74},"end":{"line":29,"column":75}},{"start":{"line":29,"column":78},"end":{"line":29,"column":90}}]},"2":{"line":29,"type":"binary-expr","locations":[{"start":{"line":29,"column":20},"end":{"line":29,"column":41}},{"start":{"line":29,"column":45},"end":{"line":29,"column":71}}]},"3":{"line":46,"type":"if","locations":[{"start":{"line":46,"column":12},"end":{"line":46,"column":12}},{"start":{"line":46,"column":12},"end":{"line":46,"column":12}}]},"4":{"line":47,"type":"cond-expr","locations":[{"start":{"line":47,"column":58},"end":{"line":47,"column":73}},{"start":{"line":47,"column":76},"end":{"line":47,"column":85}}]},"5":{"line":72,"type":"cond-expr","locations":[{"start":{"line":72,"column":48},"end":{"line":72,"column":57}},{"start":{"line":72,"column":60},"end":{"line":72,"column":65}}]}}}}