TN:
SF:/home/ubuntu/multiregexp/lib/MultiRegExp.js
FN:27,(anonymous_1)
FN:28,MultiRegExp
FN:66,firstMatch
FN:76,findMatch
FN:123,allMatches
FN:134,exec
FN:204,test
FNF:7
FNH:6
FNDA:1,(anonymous_1)
FNDA:2,MultiRegExp
FNDA:4,firstMatch
FNDA:10,findMatch
FNDA:2,allMatches
FNDA:8,exec
FNDA:0,test
DA:5,1
DA:7,1
DA:9,1
DA:11,1
DA:13,1
DA:17,1
DA:19,1
DA:21,1
DA:23,1
DA:27,1
DA:28,1
DA:29,2
DA:31,2
DA:32,2
DA:33,2
DA:34,2
DA:35,2
DA:37,2
DA:38,2
DA:39,3
DA:41,3
DA:44,0
DA:45,0
DA:47,2
DA:48,2
DA:49,0
DA:52,2
DA:53,0
DA:60,1
DA:67,4
DA:77,10
DA:79,10
DA:80,2
DA:83,8
DA:84,8
DA:85,8
DA:87,8
DA:88,8
DA:89,12
DA:91,12
DA:94,0
DA:95,0
DA:97,8
DA:98,8
DA:99,0
DA:102,8
DA:103,0
DA:108,8
DA:110,8
DA:111,0
DA:114,8
DA:124,2
DA:126,2
DA:135,8
DA:138,8
DA:139,8
DA:140,8
DA:142,8
DA:143,8
DA:144,12
DA:146,12
DA:147,12
DA:148,9
DA:149,9
DA:153,0
DA:154,0
DA:156,8
DA:157,8
DA:158,0
DA:161,8
DA:162,0
DA:167,8
DA:168,0
DA:171,8
DA:172,8
DA:173,8
DA:175,8
DA:176,8
DA:177,12
DA:179,12
DA:182,0
DA:183,0
DA:185,8
DA:186,8
DA:187,0
DA:190,8
DA:191,0
DA:196,8
DA:205,0
DA:206,0
DA:207,0
DA:209,0
DA:210,0
DA:211,0
DA:213,0
DA:214,0
DA:218,0
DA:219,0
DA:221,0
DA:222,0
DA:223,0
DA:226,0
DA:227,0
DA:232,0
DA:236,1
DA:239,1
DA:240,1
LF:107
LH:73
BRDA:32,1,0,2
BRDA:32,1,1,0
BRDA:48,2,0,0
BRDA:48,2,1,2
BRDA:48,3,0,2
BRDA:48,3,1,0
BRDA:52,4,0,0
BRDA:52,4,1,2
BRDA:77,5,0,4
BRDA:77,5,1,6
BRDA:77,6,0,10
BRDA:77,6,1,6
BRDA:79,7,0,2
BRDA:79,7,1,8
BRDA:98,8,0,0
BRDA:98,8,1,8
BRDA:98,9,0,8
BRDA:98,9,1,0
BRDA:102,10,0,0
BRDA:102,10,1,8
BRDA:110,11,0,0
BRDA:110,11,1,8
BRDA:124,12,0,2
BRDA:124,12,1,0
BRDA:124,13,0,2
BRDA:124,13,1,0
BRDA:147,14,0,9
BRDA:147,14,1,3
BRDA:147,15,0,12
BRDA:147,15,1,9
BRDA:147,15,2,1
BRDA:157,16,0,0
BRDA:157,16,1,8
BRDA:157,17,0,8
BRDA:157,17,1,0
BRDA:161,18,0,0
BRDA:161,18,1,8
BRDA:167,19,0,0
BRDA:167,19,1,8
BRDA:186,20,0,0
BRDA:186,20,1,8
BRDA:186,21,0,8
BRDA:186,21,1,0
BRDA:190,22,0,0
BRDA:190,22,1,8
BRDA:213,23,0,0
BRDA:213,23,1,0
BRDA:222,24,0,0
BRDA:222,24,1,0
BRDA:222,25,0,0
BRDA:222,25,1,0
BRDA:226,26,0,0
BRDA:226,26,1,0
BRF:53
BRH:28
end_of_record
TN:
SF:/home/ubuntu/multiregexp/lib/RegExpMatch.js
FN:16,(anonymous_1)
FN:17,RegExpMatch
FN:49,group
FN:55,value
FN:58,next
FN:67,toString
FN:80,get
FN:87,get
FN:94,get
FN:106,get
FNF:10
FNH:6
FNDA:1,(anonymous_1)
FNDA:8,RegExpMatch
FNDA:12,group
FNDA:0,value
FNDA:0,next
FNDA:0,toString
FNDA:24,get
FNDA:0,get
FNDA:4,get
FNDA:16,get
DA:3,1
DA:5,1
DA:7,1
DA:9,1
DA:11,1
DA:16,1
DA:17,1
DA:18,8
DA:20,8
DA:21,8
DA:22,8
DA:24,8
DA:25,24
DA:36,1
DA:50,12
DA:56,0
DA:57,0
DA:59,0
DA:68,0
DA:70,0
DA:71,0
DA:72,0
DA:76,0
DA:81,24
DA:88,0
DA:95,4
DA:107,16
DA:111,1
DA:114,1
DA:115,1
LF:30
LH:21
BRDA:70,1,0,0
BRDA:70,1,1,0
BRF:2
BRH:0
end_of_record
TN:
SF:/home/ubuntu/multiregexp/lib/MultiRegExpIterable.js
FN:27,(anonymous_1)
FN:28,MultiRegExpIterable
FN:43,next
FN:64,value
FN:69,next
FN:82,get
FNF:6
FNH:3
FNDA:1,(anonymous_1)
FNDA:2,MultiRegExpIterable
FNDA:6,next
FNDA:0,value
FNDA:0,next
FNDA:0,get
DA:3,1
DA:5,1
DA:7,1
DA:9,1
DA:11,1
DA:15,1
DA:17,1
DA:19,1
DA:21,1
DA:27,1
DA:28,1
DA:29,2
DA:31,2
DA:33,2
DA:34,2
DA:35,2
DA:38,1
DA:44,6
DA:46,6
DA:47,4
DA:49,2
DA:52,6
DA:53,6
DA:65,0
DA:67,0
DA:68,0
DA:70,0
DA:71,0
DA:83,0
DA:87,1
DA:90,1
DA:91,1
LF:32
LH:26
BRDA:29,1,0,0
BRDA:29,1,1,2
BRDA:29,2,0,2
BRDA:29,2,1,2
BRDA:46,3,0,4
BRDA:46,3,1,2
BRDA:47,4,0,0
BRDA:47,4,1,4
BRDA:72,5,0,0
BRDA:72,5,1,0
BRF:10
BRH:6
end_of_record
